<?xml version="1.0" encoding="UTF-8"?>
<!-- Generated by org.testng.reporters.JUnitXMLReporter -->
<testsuite ignored="6" hostname="DESKTOP-855BLG6" failures="1" tests="9" name="Test" time="58.737" errors="0" timestamp="2023-03-26T14:25:19 IST">
  <testcase classname="testPackage.LoginTestClass" name="verifyTheLogo" time="0.41"/>
  <testcase classname="testPackage.LoginTestClass" name="verifyTitleOfLOginpage" time="0.067"/>
  <testcase classname="testPackage.LoginTestClass" name="verifyLoginFunctionalitywithoutcorrectdata" time="4.21"/>
  <testcase classname="testPackage.LoginTestClass" name="verifyLoginFunctionalitywithEmptyPassword" time="1.155"/>
  <testcase classname="testPackage.LoginTestClass" name="verifyLoginFunctionalitywithwrongPassworddata" time="2.247">
    <failure type="java.lang.AssertionError" message="null">
      <![CDATA[java.lang.AssertionError: null
at testPackage.LoginTestClass.verifyLoginFunctionalitywithwrongPassworddata(LoginTestClass.java:120)
at java.base/java.util.ArrayList.forEach(ArrayList.java:1511)
... Removed 27 stack frames]]>
    </failure>
  </testcase> <!-- verifyLoginFunctionalitywithwrongPassworddata -->
  <testcase classname="testPackage.LoginTestClass" name="verifyLoginFunctionalitywithcorrectdata" time="2.501"/>
  <testcase classname="testPackage.HomepageTestclass" name="verifyTabPresentOnHomepage" time="0.727"/>
  <testcase classname="testPackage.HomepageTestclass" name="validateTheSearchTab" time="14.928"/>
  <testcase classname="testPackage.AdminTestClass" name="verifyTheJoblist" time="10.752"/>
  <testcase classname="testPackage.Baseclass" name="@BeforeTest beforetest" time="0.0">
    <ignored/>
  </testcase> <!-- @BeforeTest beforetest -->
  <testcase classname="testPackage.Baseclass" name="@AfterTest afterTest" time="0.0">
    <ignored/>
  </testcase> <!-- @AfterTest afterTest -->
  <testcase classname="testPackage.Baseclass" name="@BeforeTest beforetest" time="0.0">
    <ignored/>
  </testcase> <!-- @BeforeTest beforetest -->
  <testcase classname="testPackage.Baseclass" name="@AfterTest afterTest" time="0.0">
    <ignored/>
  </testcase> <!-- @AfterTest afterTest -->
  <testcase classname="testPackage.Baseclass" name="@AfterTest afterTest" time="0.0">
    <ignored/>
  </testcase> <!-- @AfterTest afterTest -->
  <testcase classname="testPackage.Baseclass" name="@BeforeTest beforetest" time="0.0">
    <ignored/>
  </testcase> <!-- @BeforeTest beforetest -->
</testsuite> <!-- Test -->
