<?xml version="1.0" encoding="UTF-8"?>
<!-- Generated by org.testng.reporters.JUnitXMLReporter -->
<testsuite ignored="4" hostname="DESKTOP-855BLG6" failures="0" tests="2" name="Test(failed)" time="19.913" errors="0" timestamp="2023-03-14T11:05:36 IST">
  <testcase classname="testPackage.LoginTestClass" name="verifyLoginFunctionalitywithEmptydata" time="2.999"/>
  <testcase classname="testPackage.LoginTestClass" name="verifyLoginFunctionalitywithEmptyPassworddata" time="4.963"/>
  <testcase classname="testPackage.LoginTestClass" name="verifyTitleOfLOginpage" time="0.0">
    <ignored/>
  </testcase> <!-- verifyTitleOfLOginpage -->
  <testcase classname="testPackage.LoginTestClass" name="verifyLoginFunctionalitywithcorrectdata" time="0.0">
    <ignored/>
  </testcase> <!-- verifyLoginFunctionalitywithcorrectdata -->
  <testcase classname="testPackage.LoginTestClass" name="verifyTheLogo" time="0.0">
    <ignored/>
  </testcase> <!-- verifyTheLogo -->
  <testcase classname="testPackage.LoginTestClass" name="verifyLoginFunctionalitywithoutcorrectdata" time="0.0">
    <ignored/>
  </testcase> <!-- verifyLoginFunctionalitywithoutcorrectdata -->
</testsuite> <!-- Test(failed) -->
