<?xml version="1.0" encoding="UTF-8"?>
<testng-results ignored="6" total="15" passed="8" failed="1" skipped="0">
  <reporter-output>
  </reporter-output>
  <suite started-at="2023-03-26T14:24:21 IST" name="Suite" finished-at="2023-03-26T14:25:19 IST" duration-ms="58737">
    <groups>
    </groups>
    <test started-at="2023-03-26T14:24:21 IST" name="Test" finished-at="2023-03-26T14:25:19 IST" duration-ms="58737">
      <class name="testPackage.LoginTestClass">
        <test-method is-config="true" signature="beforeclass()[pri:0, instance:testPackage.LoginTestClass@175c2241]" started-at="2023-03-26T14:24:38 IST" name="beforeclass" finished-at="2023-03-26T14:24:38 IST" duration-ms="69" status="PASS">
          <reporter-output>
          </reporter-output>
        </test-method> <!-- beforeclass -->
        <test-method signature="verifyTheLogo()[pri:0, instance:testPackage.LoginTestClass@175c2241]" started-at="2023-03-26T14:24:38 IST" name="verifyTheLogo" finished-at="2023-03-26T14:24:38 IST" duration-ms="410" status="PASS">
          <reporter-output>
          </reporter-output>
        </test-method> <!-- verifyTheLogo -->
        <test-method is-config="true" signature="beforeMethod()[pri:0, instance:testPackage.LoginTestClass@175c2241]" started-at="2023-03-26T14:24:38 IST" name="beforeMethod" finished-at="2023-03-26T14:24:38 IST" duration-ms="0" status="PASS">
          <reporter-output>
          </reporter-output>
        </test-method> <!-- beforeMethod -->
        <test-method is-config="true" signature="afterMethod(org.testng.ITestResult)[pri:0, instance:testPackage.LoginTestClass@175c2241]" started-at="2023-03-26T14:24:38 IST" name="afterMethod" finished-at="2023-03-26T14:24:38 IST" duration-ms="303" status="PASS">
          <params>
            <param index="0">
              <value>
                <![CDATA[[TestResult name=verifyTheLogo status=SUCCESS method=LoginTestClass.verifyTheLogo()[pri:0, instance:testPackage.LoginTestClass@175c2241] output={null}]]]>
              </value>
            </param>
          </params>
          <reporter-output>
          </reporter-output>
        </test-method> <!-- afterMethod -->
        <test-method is-config="true" signature="beforeMethod()[pri:0, instance:testPackage.LoginTestClass@175c2241]" started-at="2023-03-26T14:24:38 IST" name="beforeMethod" finished-at="2023-03-26T14:24:38 IST" duration-ms="1" status="PASS">
          <reporter-output>
          </reporter-output>
        </test-method> <!-- beforeMethod -->
        <test-method signature="verifyTitleOfLOginpage()[pri:1, instance:testPackage.LoginTestClass@175c2241]" started-at="2023-03-26T14:24:38 IST" name="verifyTitleOfLOginpage" finished-at="2023-03-26T14:24:39 IST" duration-ms="67" status="PASS">
          <reporter-output>
          </reporter-output>
        </test-method> <!-- verifyTitleOfLOginpage -->
        <test-method is-config="true" signature="afterMethod(org.testng.ITestResult)[pri:0, instance:testPackage.LoginTestClass@175c2241]" started-at="2023-03-26T14:24:39 IST" name="afterMethod" finished-at="2023-03-26T14:24:39 IST" duration-ms="56" status="PASS">
          <params>
            <param index="0">
              <value>
                <![CDATA[[TestResult name=verifyTitleOfLOginpage status=SUCCESS method=LoginTestClass.verifyTitleOfLOginpage()[pri:1, instance:testPackage.LoginTestClass@175c2241] output={null}]]]>
              </value>
            </param>
          </params>
          <reporter-output>
          </reporter-output>
        </test-method> <!-- afterMethod -->
        <test-method signature="verifyLoginFunctionalitywithoutcorrectdata()[pri:2, instance:testPackage.LoginTestClass@175c2241]" started-at="2023-03-26T14:24:39 IST" name="verifyLoginFunctionalitywithoutcorrectdata" finished-at="2023-03-26T14:24:43 IST" duration-ms="4210" status="PASS">
          <reporter-output>
          </reporter-output>
        </test-method> <!-- verifyLoginFunctionalitywithoutcorrectdata -->
        <test-method is-config="true" signature="beforeMethod()[pri:0, instance:testPackage.LoginTestClass@175c2241]" started-at="2023-03-26T14:24:39 IST" name="beforeMethod" finished-at="2023-03-26T14:24:39 IST" duration-ms="0" status="PASS">
          <reporter-output>
          </reporter-output>
        </test-method> <!-- beforeMethod -->
        <test-method is-config="true" signature="afterMethod(org.testng.ITestResult)[pri:0, instance:testPackage.LoginTestClass@175c2241]" started-at="2023-03-26T14:24:43 IST" name="afterMethod" finished-at="2023-03-26T14:24:43 IST" duration-ms="81" status="PASS">
          <params>
            <param index="0">
              <value>
                <![CDATA[[TestResult name=verifyLoginFunctionalitywithoutcorrectdata status=SUCCESS method=LoginTestClass.verifyLoginFunctionalitywithoutcorrectdata()[pri:2, instance:testPackage.LoginTestClass@175c2241] output={null}]]]>
              </value>
            </param>
          </params>
          <reporter-output>
          </reporter-output>
        </test-method> <!-- afterMethod -->
        <test-method is-config="true" signature="beforeMethod()[pri:0, instance:testPackage.LoginTestClass@175c2241]" started-at="2023-03-26T14:24:43 IST" name="beforeMethod" finished-at="2023-03-26T14:24:43 IST" duration-ms="1" status="PASS">
          <reporter-output>
          </reporter-output>
        </test-method> <!-- beforeMethod -->
        <test-method signature="verifyLoginFunctionalitywithEmptyPassword()[pri:3, instance:testPackage.LoginTestClass@175c2241]" started-at="2023-03-26T14:24:43 IST" name="verifyLoginFunctionalitywithEmptyPassword" finished-at="2023-03-26T14:24:44 IST" duration-ms="1155" status="PASS">
          <reporter-output>
          </reporter-output>
        </test-method> <!-- verifyLoginFunctionalitywithEmptyPassword -->
        <test-method is-config="true" signature="afterMethod(org.testng.ITestResult)[pri:0, instance:testPackage.LoginTestClass@175c2241]" started-at="2023-03-26T14:24:44 IST" name="afterMethod" finished-at="2023-03-26T14:24:44 IST" duration-ms="48" status="PASS">
          <params>
            <param index="0">
              <value>
                <![CDATA[[TestResult name=verifyLoginFunctionalitywithEmptyPassword status=SUCCESS method=LoginTestClass.verifyLoginFunctionalitywithEmptyPassword()[pri:3, instance:testPackage.LoginTestClass@175c2241] output={null}]]]>
              </value>
            </param>
          </params>
          <reporter-output>
          </reporter-output>
        </test-method> <!-- afterMethod -->
        <test-method signature="verifyLoginFunctionalitywithwrongPassworddata()[pri:4, instance:testPackage.LoginTestClass@175c2241]" started-at="2023-03-26T14:24:44 IST" name="verifyLoginFunctionalitywithwrongPassworddata" finished-at="2023-03-26T14:24:46 IST" duration-ms="2247" status="FAIL">
          <exception class="java.lang.AssertionError">
            <message>
              <![CDATA[null]]>
            </message>
            <full-stacktrace>
              <![CDATA[java.lang.AssertionError: null
at org.testng.Assert.fail(Assert.java:110)
at org.testng.Assert.fail(Assert.java:115)
at testPackage.LoginTestClass.verifyLoginFunctionalitywithwrongPassworddata(LoginTestClass.java:120)
at java.base/jdk.internal.reflect.DirectMethodHandleAccessor.invoke(DirectMethodHandleAccessor.java:104)
at java.base/java.lang.reflect.Method.invoke(Method.java:578)
at org.testng.internal.invokers.MethodInvocationHelper.invokeMethod(MethodInvocationHelper.java:139)
at org.testng.internal.invokers.TestInvoker.invokeMethod(TestInvoker.java:677)
at org.testng.internal.invokers.TestInvoker.invokeTestMethod(TestInvoker.java:221)
at org.testng.internal.invokers.MethodRunner.runInSequence(MethodRunner.java:50)
at org.testng.internal.invokers.TestInvoker$MethodInvocationAgent.invoke(TestInvoker.java:969)
at org.testng.internal.invokers.TestInvoker.invokeTestMethods(TestInvoker.java:194)
at org.testng.internal.invokers.TestMethodWorker.invokeTestMethods(TestMethodWorker.java:148)
at org.testng.internal.invokers.TestMethodWorker.run(TestMethodWorker.java:128)
at java.base/java.util.ArrayList.forEach(ArrayList.java:1511)
at org.testng.TestRunner.privateRun(TestRunner.java:829)
at org.testng.TestRunner.run(TestRunner.java:602)
at org.testng.SuiteRunner.runTest(SuiteRunner.java:437)
at org.testng.SuiteRunner.runSequentially(SuiteRunner.java:431)
at org.testng.SuiteRunner.privateRun(SuiteRunner.java:391)
at org.testng.SuiteRunner.run(SuiteRunner.java:330)
at org.testng.SuiteRunnerWorker.runSuite(SuiteRunnerWorker.java:52)
at org.testng.SuiteRunnerWorker.run(SuiteRunnerWorker.java:95)
at org.testng.TestNG.runSuitesSequentially(TestNG.java:1256)
at org.testng.TestNG.runSuitesLocally(TestNG.java:1176)
at org.testng.TestNG.runSuites(TestNG.java:1099)
at org.testng.TestNG.run(TestNG.java:1067)
at org.testng.remote.AbstractRemoteTestNG.run(AbstractRemoteTestNG.java:115)
at org.testng.remote.RemoteTestNG.initAndRun(RemoteTestNG.java:251)
at org.testng.remote.RemoteTestNG.main(RemoteTestNG.java:77)
]]>
            </full-stacktrace>
          </exception> <!-- java.lang.AssertionError -->
          <reporter-output>
          </reporter-output>
        </test-method> <!-- verifyLoginFunctionalitywithwrongPassworddata -->
        <test-method is-config="true" signature="beforeMethod()[pri:0, instance:testPackage.LoginTestClass@175c2241]" started-at="2023-03-26T14:24:44 IST" name="beforeMethod" finished-at="2023-03-26T14:24:44 IST" duration-ms="0" status="PASS">
          <reporter-output>
          </reporter-output>
        </test-method> <!-- beforeMethod -->
        <test-method is-config="true" signature="afterMethod(org.testng.ITestResult)[pri:0, instance:testPackage.LoginTestClass@175c2241]" started-at="2023-03-26T14:24:46 IST" name="afterMethod" finished-at="2023-03-26T14:24:50 IST" duration-ms="3220" status="PASS">
          <params>
            <param index="0">
              <value>
                <![CDATA[[TestResult name=verifyLoginFunctionalitywithwrongPassworddata status=FAILURE method=LoginTestClass.verifyLoginFunctionalitywithwrongPassworddata()[pri:4, instance:testPackage.LoginTestClass@175c2241] output={null}]]]>
              </value>
            </param>
          </params>
          <reporter-output>
          </reporter-output>
        </test-method> <!-- afterMethod -->
        <test-method signature="verifyLoginFunctionalitywithcorrectdata()[pri:5, instance:testPackage.LoginTestClass@175c2241]" started-at="2023-03-26T14:24:50 IST" name="verifyLoginFunctionalitywithcorrectdata" finished-at="2023-03-26T14:24:52 IST" duration-ms="2501" status="PASS">
          <reporter-output>
          </reporter-output>
        </test-method> <!-- verifyLoginFunctionalitywithcorrectdata -->
        <test-method is-config="true" signature="beforeMethod()[pri:0, instance:testPackage.LoginTestClass@175c2241]" started-at="2023-03-26T14:24:50 IST" name="beforeMethod" finished-at="2023-03-26T14:24:50 IST" duration-ms="0" status="PASS">
          <reporter-output>
          </reporter-output>
        </test-method> <!-- beforeMethod -->
        <test-method is-config="true" signature="afterMethod(org.testng.ITestResult)[pri:0, instance:testPackage.LoginTestClass@175c2241]" started-at="2023-03-26T14:24:52 IST" name="afterMethod" finished-at="2023-03-26T14:24:52 IST" duration-ms="75" status="PASS">
          <params>
            <param index="0">
              <value>
                <![CDATA[[TestResult name=verifyLoginFunctionalitywithcorrectdata status=SUCCESS method=LoginTestClass.verifyLoginFunctionalitywithcorrectdata()[pri:5, instance:testPackage.LoginTestClass@175c2241] output={null}]]]>
              </value>
            </param>
          </params>
          <reporter-output>
          </reporter-output>
        </test-method> <!-- afterMethod -->
      </class> <!-- testPackage.LoginTestClass -->
      <class name="testPackage.AdminTestClass">
        <test-method signature="verifyTheJoblist()[pri:0, instance:testPackage.AdminTestClass@5b7a5baa]" started-at="2023-03-26T14:25:08 IST" name="verifyTheJoblist" finished-at="2023-03-26T14:25:19 IST" duration-ms="10752" status="PASS">
          <reporter-output>
          </reporter-output>
        </test-method> <!-- verifyTheJoblist -->
        <test-method is-config="true" signature="beforeMethod()[pri:0, instance:testPackage.AdminTestClass@5b7a5baa]" started-at="2023-03-26T14:25:08 IST" name="beforeMethod" finished-at="2023-03-26T14:25:08 IST" duration-ms="0" status="PASS">
          <reporter-output>
          </reporter-output>
        </test-method> <!-- beforeMethod -->
        <test-method is-config="true" signature="afterMethod(org.testng.ITestResult)[pri:0, instance:testPackage.AdminTestClass@5b7a5baa]" started-at="2023-03-26T14:25:19 IST" name="afterMethod" finished-at="2023-03-26T14:25:19 IST" duration-ms="59" status="PASS">
          <params>
            <param index="0">
              <value>
                <![CDATA[[TestResult name=verifyTheJoblist status=SUCCESS method=AdminTestClass.verifyTheJoblist()[pri:0, instance:testPackage.AdminTestClass@5b7a5baa] output={null}]]]>
              </value>
            </param>
          </params>
          <reporter-output>
          </reporter-output>
        </test-method> <!-- afterMethod -->
      </class> <!-- testPackage.AdminTestClass -->
      <class name="testPackage.HomepageTestclass">
        <test-method is-config="true" signature="beforeclass()[pri:0, instance:testPackage.HomepageTestclass@5bf0d49]" started-at="2023-03-26T14:24:52 IST" name="beforeclass" finished-at="2023-03-26T14:24:52 IST" duration-ms="120" status="PASS">
          <reporter-output>
          </reporter-output>
        </test-method> <!-- beforeclass -->
        <test-method is-config="true" signature="beforeMethod()[pri:0, instance:testPackage.HomepageTestclass@5bf0d49]" started-at="2023-03-26T14:24:52 IST" name="beforeMethod" finished-at="2023-03-26T14:24:52 IST" duration-ms="0" status="PASS">
          <reporter-output>
          </reporter-output>
        </test-method> <!-- beforeMethod -->
        <test-method signature="verifyTabPresentOnHomepage()[pri:1, instance:testPackage.HomepageTestclass@5bf0d49]" started-at="2023-03-26T14:24:52 IST" name="verifyTabPresentOnHomepage" finished-at="2023-03-26T14:24:53 IST" duration-ms="727" status="PASS">
          <reporter-output>
          </reporter-output>
        </test-method> <!-- verifyTabPresentOnHomepage -->
        <test-method is-config="true" signature="afterMethod(org.testng.ITestResult)[pri:0, instance:testPackage.HomepageTestclass@5bf0d49]" started-at="2023-03-26T14:24:53 IST" name="afterMethod" finished-at="2023-03-26T14:24:53 IST" duration-ms="34" status="PASS">
          <params>
            <param index="0">
              <value>
                <![CDATA[[TestResult name=verifyTabPresentOnHomepage status=SUCCESS method=HomepageTestclass.verifyTabPresentOnHomepage()[pri:1, instance:testPackage.HomepageTestclass@5bf0d49] output={null}]]]>
              </value>
            </param>
          </params>
          <reporter-output>
          </reporter-output>
        </test-method> <!-- afterMethod -->
        <test-method signature="validateTheSearchTab()[pri:2, instance:testPackage.HomepageTestclass@5bf0d49]" started-at="2023-03-26T14:24:53 IST" name="validateTheSearchTab" finished-at="2023-03-26T14:25:08 IST" duration-ms="14928" status="PASS">
          <reporter-output>
          </reporter-output>
        </test-method> <!-- validateTheSearchTab -->
        <test-method is-config="true" signature="beforeMethod()[pri:0, instance:testPackage.HomepageTestclass@5bf0d49]" started-at="2023-03-26T14:24:53 IST" name="beforeMethod" finished-at="2023-03-26T14:24:53 IST" duration-ms="0" status="PASS">
          <reporter-output>
          </reporter-output>
        </test-method> <!-- beforeMethod -->
        <test-method is-config="true" signature="afterMethod(org.testng.ITestResult)[pri:0, instance:testPackage.HomepageTestclass@5bf0d49]" started-at="2023-03-26T14:25:08 IST" name="afterMethod" finished-at="2023-03-26T14:25:08 IST" duration-ms="40" status="PASS">
          <params>
            <param index="0">
              <value>
                <![CDATA[[TestResult name=validateTheSearchTab status=SUCCESS method=HomepageTestclass.validateTheSearchTab()[pri:2, instance:testPackage.HomepageTestclass@5bf0d49] output={null}]]]>
              </value>
            </param>
          </params>
          <reporter-output>
          </reporter-output>
        </test-method> <!-- afterMethod -->
      </class> <!-- testPackage.HomepageTestclass -->
      <class name="testPackage.Baseclass">
        <test-method is-config="true" signature="beforetest(java.lang.String)[pri:0, instance:testPackage.Baseclass@34123d65]" started-at="2023-03-26T14:24:21 IST" name="beforetest" finished-at="2023-03-26T14:24:38 IST" duration-ms="17077" status="PASS">
          <params>
            <param index="0">
              <value>
                <![CDATA[chrome]]>
              </value>
            </param>
          </params>
          <reporter-output>
          </reporter-output>
        </test-method> <!-- beforetest -->
        <test-method is-config="true" signature="afterTest()[pri:0, instance:testPackage.Baseclass@34123d65]" started-at="2023-03-26T14:25:19 IST" name="afterTest" finished-at="2023-03-26T14:25:19 IST" duration-ms="466" status="PASS">
          <reporter-output>
          </reporter-output>
        </test-method> <!-- afterTest -->
      </class> <!-- testPackage.Baseclass -->
    </test> <!-- Test -->
  </suite> <!-- Suite -->
</testng-results>
